2025-01-31 15:22:31:2231 [31merror[39m: [31mError during Data Source initialization: column "password" of relation "users" contains null values[39m
2025-01-31 15:31:53:3153 [32minfo[39m: [32mDatabase connection initialized[39m
2025-01-31 15:31:53:3153 [32minfo[39m: [32mServer is running on port 8080[39m
2025-01-31 15:37:55:3755 [33mwarn[39m: [33mLogin attempt failed: User sonu not found[39m
2025-01-31 15:37:55:3755 [31merror[39m: [31mError in user login: User not found[39m
2025-01-31 15:37:55:3755 [31merror[39m: [31mLogin error: User not found[39m
2025-01-31 15:42:13:4213 [32minfo[39m: [32mDatabase connection initialized[39m
2025-01-31 15:42:13:4213 [32minfo[39m: [32mServer is running on port 8080[39m
2025-01-31 15:42:28:4228 [32minfo[39m: [32mDatabase connection initialized[39m
2025-01-31 15:42:28:4228 [32minfo[39m: [32mServer is running on port 8080[39m
2025-01-31 16:11:08:118 [32minfo[39m: [32mDatabase connection initialized[39m
2025-01-31 16:11:08:118 [32minfo[39m: [32mServer is running on port 8080[39m
2025-01-31 16:11:20:1120 [32minfo[39m: [32mDatabase connection initialized[39m
2025-01-31 16:11:20:1120 [32minfo[39m: [32mServer is running on port 8080[39m
2025-01-31 16:12:25:1225 [32minfo[39m: [32mDatabase connection initialized[39m
2025-01-31 16:12:25:1225 [32minfo[39m: [32mServer is running on port 8080[39m
2025-01-31 16:12:30:1230 [31merror[39m: [31mError creating default shop: insert or update on table "shops" violates foreign key constraint "FK_63abb7ea83e3d0f698999bd731b"[39m
2025-01-31 16:12:30:1230 [31merror[39m: [31mError in user registration: insert or update on table "shops" violates foreign key constraint "FK_63abb7ea83e3d0f698999bd731b"[39m
2025-01-31 16:12:30:1230 [31merror[39m: [31mRegistration error: insert or update on table "shops" violates foreign key constraint "FK_63abb7ea83e3d0f698999bd731b"[39m
2025-01-31 16:18:12:1812 [32minfo[39m: [32mDatabase connection initialized[39m
2025-01-31 16:18:12:1812 [32minfo[39m: [32mServer is running on port 8080[39m
2025-01-31 16:18:39:1839 [32minfo[39m: [32mUser created successfully: sonu[39m
2025-01-31 16:18:40:1840 [32minfo[39m: [32mDefault shop created for user: sonu[39m
2025-01-31 16:18:40:1840 [32minfo[39m: [32mDefault shop created for user: sonu[39m
2025-01-31 16:20:36:2036 [32minfo[39m: [32mDatabase connection initialized[39m
2025-01-31 16:20:36:2036 [32minfo[39m: [32mServer is running on port 8080[39m
2025-01-31 16:33:16:3316 [32minfo[39m: [32mUser logged in successfully: sonu[39m
2025-01-31 16:35:48:3548 [32minfo[39m: [32mDatabase connection initialized[39m
2025-01-31 16:35:48:3548 [32minfo[39m: [32mServer is running on port 8080[39m
2025-01-31 16:35:53:3553 [32minfo[39m: [32mUser logged in successfully: sonu[39m
2025-01-31 16:35:59:3559 [32minfo[39m: [32mUser logged in successfully: sonu[39m
2025-01-31 16:38:36:3836 [32minfo[39m: [32mUser 2fa93ccc-9c85-4170-9a65-10dc2695d7f8 authenticated successfully[39m
2025-01-31 16:38:37:3837 [32minfo[39m: [32mShop set as default: sonu's Shop[39m
2025-01-31 16:39:19:3919 [32minfo[39m: [32mUser logged in successfully: sonu[39m
2025-01-31 16:40:43:4043 [32minfo[39m: [32mDatabase connection initialized[39m
2025-01-31 16:40:43:4043 [32minfo[39m: [32mServer is running on port 8080[39m
2025-01-31 16:40:54:4054 [32minfo[39m: [32mUser logged in successfully: sonu[39m
2025-01-31 16:42:11:4211 [32minfo[39m: [32mDatabase connection initialized[39m
2025-01-31 16:42:11:4211 [32minfo[39m: [32mServer is running on port 8080[39m
2025-01-31 16:43:36:4336 [32minfo[39m: [32mDatabase connection initialized[39m
2025-01-31 16:43:36:4336 [32minfo[39m: [32mServer is running on port 8080[39m
2025-01-31 16:45:22:4522 [32minfo[39m: [32mUser logged in successfully: sonu[39m
2025-01-31 17:33:57:3357 [31merror[39m: [31mAuthentication error: No authorization header[39m
2025-01-31 17:34:13:3413 [32minfo[39m: [32mUser 2fa93ccc-9c85-4170-9a65-10dc2695d7f8 authenticated successfully[39m
2025-01-31 17:40:25:4025 [31merror[39m: [31mAuthentication error: No authorization header[39m
2025-01-31 17:40:39:4039 [31merror[39m: [31mAuthentication error: jwt expired[39m
2025-01-31 17:40:47:4047 [31merror[39m: [31mAuthentication error: jwt expired[39m
2025-01-31 17:41:04:414 [31merror[39m: [31mAuthentication error: jwt expired[39m
2025-01-31 17:41:15:4115 [31merror[39m: [31mAuthentication error: jwt expired[39m
2025-01-31 17:41:16:4116 [31merror[39m: [31mAuthentication error: jwt expired[39m
2025-01-31 17:41:17:4117 [31merror[39m: [31mAuthentication error: jwt expired[39m
2025-01-31 17:41:18:4118 [31merror[39m: [31mAuthentication error: jwt expired[39m
2025-01-31 17:41:18:4118 [31merror[39m: [31mAuthentication error: jwt expired[39m
2025-01-31 17:41:34:4134 [32minfo[39m: [32mUser logged in successfully: sonu[39m
2025-01-31 17:41:54:4154 [32minfo[39m: [32mUser 2fa93ccc-9c85-4170-9a65-10dc2695d7f8 authenticated successfully[39m
2025-01-31 17:42:06:426 [31merror[39m: [31mAuthentication error: jwt expired[39m
2025-01-31 17:42:11:4211 [32minfo[39m: [32mUser 2fa93ccc-9c85-4170-9a65-10dc2695d7f8 authenticated successfully[39m
2025-01-31 17:43:04:434 [32minfo[39m: [32mUser 2fa93ccc-9c85-4170-9a65-10dc2695d7f8 authenticated successfully[39m
2025-01-31 17:43:49:4349 [32minfo[39m: [32mDatabase connection initialized[39m
2025-01-31 17:43:49:4349 [32minfo[39m: [32mServer is running on port 8080[39m
2025-01-31 17:43:57:4357 [32minfo[39m: [32mDatabase connection initialized[39m
2025-01-31 17:43:57:4357 [32minfo[39m: [32mServer is running on port 8080[39m
2025-01-31 17:44:07:447 [32minfo[39m: [32mDatabase connection initialized[39m
2025-01-31 17:44:07:447 [32minfo[39m: [32mServer is running on port 8080[39m
2025-01-31 17:44:11:4411 [32minfo[39m: [32mUser 2fa93ccc-9c85-4170-9a65-10dc2695d7f8 authenticated successfully[39m
2025-01-31 17:44:37:4437 [32minfo[39m: [32mUser 2fa93ccc-9c85-4170-9a65-10dc2695d7f8 authenticated successfully[39m
2025-02-01 19:44:07:447 [32minfo[39m: [32mUser logged in successfully: sonu[39m
2025-02-01 19:45:34:4534 [32minfo[39m: [32mUser logged in successfully: sonu[39m
2025-02-01 20:08:51:851 [32minfo[39m: [32mDatabase connection initialized[39m
2025-02-01 20:08:51:851 [32minfo[39m: [32mServer is running on port 8080[39m
2025-02-01 20:30:39:3039 [32minfo[39m: [32mUser 2fa93ccc-9c85-4170-9a65-10dc2695d7f8 authenticated successfully[39m
2025-02-01 20:30:48:3048 [32minfo[39m: [32mUser 2fa93ccc-9c85-4170-9a65-10dc2695d7f8 authenticated successfully[39m
2025-02-01 20:30:50:3050 [32minfo[39m: [32mInvoice created successfully for shop: sonu's Shop[39m
2025-02-01 20:37:14:3714 [32minfo[39m: [32mDatabase connection initialized[39m
2025-02-01 20:37:14:3714 [32minfo[39m: [32mServer is running on port 8080[39m
2025-02-01 20:37:20:3720 [32minfo[39m: [32mUser 2fa93ccc-9c85-4170-9a65-10dc2695d7f8 authenticated successfully[39m
2025-02-01 20:41:35:4135 [32minfo[39m: [32mDatabase connection initialized[39m
2025-02-01 20:41:35:4135 [32minfo[39m: [32mServer is running on port 8080[39m
2025-02-01 20:41:47:4147 [32minfo[39m: [32mUser 2fa93ccc-9c85-4170-9a65-10dc2695d7f8 authenticated successfully[39m
2025-02-01 20:43:18:4318 [32minfo[39m: [32mDatabase connection initialized[39m
2025-02-01 20:43:18:4318 [32minfo[39m: [32mServer is running on port 8080[39m
2025-02-02 12:10:29:1029 [33mwarn[39m: [33mLogin attempt failed: User nu not found[39m
2025-02-02 12:10:29:1029 [31merror[39m: [31mError in user login: User not found[39m
2025-02-02 12:10:29:1029 [31merror[39m: [31mLogin error: User not found[39m
2025-02-02 12:17:47:1747 [32minfo[39m: [32mDatabase connection initialized[39m
2025-02-02 12:17:47:1747 [32minfo[39m: [32mServer is running on port 8080[39m
2025-02-02 12:18:16:1816 [33mwarn[39m: [33mLogin attempt failed: User ssssss not found[39m
2025-02-02 12:18:16:1816 [31merror[39m: [31mError in user login: User not found[39m
2025-02-02 12:18:16:1816 [31merror[39m: [31mLogin error: User not found[39m
2025-02-02 12:19:01:191 [33mwarn[39m: [33mLogin attempt failed: User sssssssss not found[39m
2025-02-02 12:19:01:191 [31merror[39m: [31mError in user login: User not found[39m
2025-02-02 12:19:01:191 [31merror[39m: [31mLogin error: User not found[39m
2025-02-02 12:21:30:2130 [33mwarn[39m: [33mLogin attempt failed: User wwwwww not found[39m
2025-02-02 12:21:30:2130 [31merror[39m: [31mError in user login: User not found[39m
2025-02-02 12:21:30:2130 [31merror[39m: [31mLogin error: User not found[39m
2025-02-02 12:21:33:2133 [33mwarn[39m: [33mLogin attempt failed: User wwwwww not found[39m
2025-02-02 12:21:33:2133 [31merror[39m: [31mError in user login: User not found[39m
2025-02-02 12:21:33:2133 [31merror[39m: [31mLogin error: User not found[39m
2025-02-02 12:21:33:2133 [33mwarn[39m: [33mLogin attempt failed: User wwwwww not found[39m
2025-02-02 12:21:33:2133 [31merror[39m: [31mError in user login: User not found[39m
2025-02-02 12:21:33:2133 [31merror[39m: [31mLogin error: User not found[39m
2025-02-02 12:21:34:2134 [33mwarn[39m: [33mLogin attempt failed: User wwwwww not found[39m
2025-02-02 12:21:34:2134 [31merror[39m: [31mError in user login: User not found[39m
2025-02-02 12:21:34:2134 [31merror[39m: [31mLogin error: User not found[39m
2025-02-02 12:21:46:2146 [33mwarn[39m: [33mLogin attempt failed: User ssssssss not found[39m
2025-02-02 12:21:46:2146 [31merror[39m: [31mError in user login: User not found[39m
2025-02-02 12:21:46:2146 [31merror[39m: [31mLogin error: User not found[39m
2025-02-02 12:22:22:2222 [33mwarn[39m: [33mLogin attempt failed: User ssssssss not found[39m
2025-02-02 12:22:22:2222 [31merror[39m: [31mError in user login: User not found[39m
2025-02-02 12:22:22:2222 [31merror[39m: [31mLogin error: User not found[39m
2025-02-02 12:25:33:2533 [33mwarn[39m: [33mLogin attempt failed: User ssssssssss not found[39m
2025-02-02 12:25:33:2533 [31merror[39m: [31mError in user login: User not found[39m
2025-02-02 12:25:33:2533 [31merror[39m: [31mLogin error: User not found[39m
2025-02-02 12:25:36:2536 [33mwarn[39m: [33mLogin attempt failed: User ssssssssss not found[39m
2025-02-02 12:25:36:2536 [31merror[39m: [31mError in user login: User not found[39m
2025-02-02 12:25:36:2536 [31merror[39m: [31mLogin error: User not found[39m
2025-02-02 12:25:37:2537 [33mwarn[39m: [33mLogin attempt failed: User ssssssssss not found[39m
2025-02-02 12:25:37:2537 [31merror[39m: [31mError in user login: User not found[39m
2025-02-02 12:25:37:2537 [31merror[39m: [31mLogin error: User not found[39m
2025-02-02 12:25:38:2538 [33mwarn[39m: [33mLogin attempt failed: User ssssssssss not found[39m
2025-02-02 12:25:38:2538 [31merror[39m: [31mError in user login: User not found[39m
2025-02-02 12:25:38:2538 [31merror[39m: [31mLogin error: User not found[39m
2025-02-02 12:25:38:2538 [33mwarn[39m: [33mLogin attempt failed: User ssssssssss not found[39m
2025-02-02 12:25:38:2538 [31merror[39m: [31mError in user login: User not found[39m
2025-02-02 12:25:38:2538 [31merror[39m: [31mLogin error: User not found[39m
2025-02-02 12:25:39:2539 [33mwarn[39m: [33mLogin attempt failed: User ssssssssss not found[39m
2025-02-02 12:25:39:2539 [31merror[39m: [31mError in user login: User not found[39m
2025-02-02 12:25:39:2539 [31merror[39m: [31mLogin error: User not found[39m
2025-02-02 12:25:39:2539 [33mwarn[39m: [33mLogin attempt failed: User ssssssssss not found[39m
2025-02-02 12:25:39:2539 [31merror[39m: [31mError in user login: User not found[39m
2025-02-02 12:25:39:2539 [31merror[39m: [31mLogin error: User not found[39m
2025-02-02 12:25:40:2540 [33mwarn[39m: [33mLogin attempt failed: User ssssssssss not found[39m
2025-02-02 12:25:40:2540 [31merror[39m: [31mError in user login: User not found[39m
2025-02-02 12:25:40:2540 [31merror[39m: [31mLogin error: User not found[39m
2025-02-02 12:25:40:2540 [33mwarn[39m: [33mLogin attempt failed: User ssssssssss not found[39m
2025-02-02 12:25:40:2540 [31merror[39m: [31mError in user login: User not found[39m
2025-02-02 12:25:40:2540 [31merror[39m: [31mLogin error: User not found[39m
2025-02-02 12:25:40:2540 [33mwarn[39m: [33mLogin attempt failed: User ssssssssss not found[39m
2025-02-02 12:25:40:2540 [31merror[39m: [31mError in user login: User not found[39m
2025-02-02 12:25:40:2540 [31merror[39m: [31mLogin error: User not found[39m
2025-02-02 12:25:41:2541 [33mwarn[39m: [33mLogin attempt failed: User ssssssssss not found[39m
2025-02-02 12:25:41:2541 [31merror[39m: [31mError in user login: User not found[39m
2025-02-02 12:25:41:2541 [31merror[39m: [31mLogin error: User not found[39m
2025-02-02 12:25:41:2541 [33mwarn[39m: [33mLogin attempt failed: User ssssssssss not found[39m
2025-02-02 12:25:41:2541 [31merror[39m: [31mError in user login: User not found[39m
2025-02-02 12:25:41:2541 [31merror[39m: [31mLogin error: User not found[39m
2025-02-02 12:25:41:2541 [33mwarn[39m: [33mLogin attempt failed: User ssssssssss not found[39m
2025-02-02 12:25:41:2541 [31merror[39m: [31mError in user login: User not found[39m
2025-02-02 12:25:41:2541 [31merror[39m: [31mLogin error: User not found[39m
2025-02-02 12:25:41:2541 [33mwarn[39m: [33mLogin attempt failed: User ssssssssss not found[39m
2025-02-02 12:25:41:2541 [31merror[39m: [31mError in user login: User not found[39m
2025-02-02 12:25:41:2541 [31merror[39m: [31mLogin error: User not found[39m
2025-02-02 12:25:42:2542 [33mwarn[39m: [33mLogin attempt failed: User ssssssssss not found[39m
2025-02-02 12:25:42:2542 [31merror[39m: [31mError in user login: User not found[39m
2025-02-02 12:25:42:2542 [31merror[39m: [31mLogin error: User not found[39m
2025-02-02 12:25:50:2550 [33mwarn[39m: [33mLogin attempt failed: User sssssssss not found[39m
2025-02-02 12:25:50:2550 [31merror[39m: [31mError in user login: User not found[39m
2025-02-02 12:25:50:2550 [31merror[39m: [31mLogin error: User not found[39m
2025-02-02 12:25:52:2552 [33mwarn[39m: [33mLogin attempt failed: User sssssssss not found[39m
2025-02-02 12:25:52:2552 [31merror[39m: [31mError in user login: User not found[39m
2025-02-02 12:25:52:2552 [31merror[39m: [31mLogin error: User not found[39m
2025-02-02 12:25:53:2553 [33mwarn[39m: [33mLogin attempt failed: User sssssssss not found[39m
2025-02-02 12:25:53:2553 [31merror[39m: [31mError in user login: User not found[39m
2025-02-02 12:25:53:2553 [31merror[39m: [31mLogin error: User not found[39m
2025-02-02 12:25:53:2553 [33mwarn[39m: [33mLogin attempt failed: User sssssssss not found[39m
2025-02-02 12:25:53:2553 [31merror[39m: [31mError in user login: User not found[39m
2025-02-02 12:25:53:2553 [31merror[39m: [31mLogin error: User not found[39m
2025-02-02 12:28:13:2813 [33mwarn[39m: [33mLogin attempt failed: User sssssssss not found[39m
2025-02-02 12:28:13:2813 [31merror[39m: [31mError in user login: User not found[39m
2025-02-02 12:28:13:2813 [31merror[39m: [31mLogin error: User not found[39m
2025-02-02 12:28:19:2819 [33mwarn[39m: [33mLogin attempt failed: User sssssssss not found[39m
2025-02-02 12:28:19:2819 [31merror[39m: [31mError in user login: User not found[39m
2025-02-02 12:28:19:2819 [31merror[39m: [31mLogin error: User not found[39m
2025-02-02 12:28:23:2823 [33mwarn[39m: [33mLogin attempt failed: User sssssssss not found[39m
2025-02-02 12:28:23:2823 [31merror[39m: [31mError in user login: User not found[39m
2025-02-02 12:28:23:2823 [31merror[39m: [31mLogin error: User not found[39m
2025-02-02 12:52:28:5228 [33mwarn[39m: [33mLogin attempt failed: User ssssssss not found[39m
2025-02-02 12:52:28:5228 [31merror[39m: [31mError in user login: User not found[39m
2025-02-02 12:52:28:5228 [31merror[39m: [31mLogin error: User not found[39m
2025-02-02 12:53:30:5330 [32minfo[39m: [32mUser logged in successfully: sonu[39m
2025-02-02 12:53:31:5331 [31merror[39m: [31mAuthentication error: No authorization header[39m
2025-02-02 12:53:53:5353 [32minfo[39m: [32mUser logged in successfully: sonu[39m
2025-02-02 12:53:53:5353 [31merror[39m: [31mAuthentication error: No authorization header[39m
2025-02-02 12:58:02:582 [32minfo[39m: [32mUser logged in successfully: sonu[39m
2025-02-02 12:58:03:583 [32minfo[39m: [32mUser 2fa93ccc-9c85-4170-9a65-10dc2695d7f8 authenticated successfully[39m
2025-02-02 13:11:42:1142 [31merror[39m: [31mError during Data Source initialization: column "state_code" of relation "shops" contains null values[39m
2025-02-02 13:12:20:1220 [32minfo[39m: [32mDatabase connection initialized[39m
2025-02-02 13:12:20:1220 [32minfo[39m: [32mServer is running on port 8080[39m
2025-02-02 13:13:33:1333 [32minfo[39m: [32mUser 2fa93ccc-9c85-4170-9a65-10dc2695d7f8 authenticated successfully[39m
2025-02-02 13:13:34:1334 [32minfo[39m: [32mUser 2fa93ccc-9c85-4170-9a65-10dc2695d7f8 authenticated successfully[39m
2025-02-02 13:14:43:1443 [32minfo[39m: [32mUser 2fa93ccc-9c85-4170-9a65-10dc2695d7f8 authenticated successfully[39m
2025-02-02 13:14:43:1443 [32minfo[39m: [32mUser 2fa93ccc-9c85-4170-9a65-10dc2695d7f8 authenticated successfully[39m
2025-02-02 13:28:15:2815 [32minfo[39m: [32mUser logged in successfully: sonu[39m
2025-02-02 13:28:15:2815 [32minfo[39m: [32mUser 2fa93ccc-9c85-4170-9a65-10dc2695d7f8 authenticated successfully[39m
2025-02-02 13:29:49:2949 [32minfo[39m: [32mDatabase connection initialized[39m
2025-02-02 13:29:49:2949 [32minfo[39m: [32mServer is running on port 8080[39m
2025-02-02 13:30:04:304 [32minfo[39m: [32mUser logged in successfully: sonu[39m
2025-02-02 13:30:04:304 [32minfo[39m: [32mUser 2fa93ccc-9c85-4170-9a65-10dc2695d7f8 authenticated successfully[39m
2025-02-02 13:44:56:4456 [32minfo[39m: [32mUser 2fa93ccc-9c85-4170-9a65-10dc2695d7f8 authenticated successfully[39m
2025-02-02 13:44:57:4457 [32minfo[39m: [32mInvoice created successfully for shop: sonu's Shop[39m
2025-02-02 15:16:55:1655 [32minfo[39m: [32mDatabase connection initialized[39m
2025-02-02 15:16:55:1655 [32minfo[39m: [32mServer is running on port 8080[39m
2025-02-02 15:16:58:1658 [33mwarn[39m: [33mLogin attempt failed: User nu not found[39m
2025-02-02 15:16:58:1658 [31merror[39m: [31mError in user login: User not found[39m
2025-02-02 15:16:58:1658 [31merror[39m: [31mLogin error: User not found[39m
2025-02-02 15:17:03:173 [32minfo[39m: [32mUser logged in successfully: sonu[39m
2025-02-02 15:17:40:1740 [31merror[39m: [31mAuthentication error: No authorization header[39m
2025-02-02 15:17:56:1756 [32minfo[39m: [32mUser 2fa93ccc-9c85-4170-9a65-10dc2695d7f8 authenticated successfully[39m
2025-02-02 15:19:03:193 [32minfo[39m: [32mDatabase connection initialized[39m
2025-02-02 15:19:03:193 [32minfo[39m: [32mServer is running on port 8080[39m
2025-02-02 15:19:08:198 [32minfo[39m: [32mUser 2fa93ccc-9c85-4170-9a65-10dc2695d7f8 authenticated successfully[39m
2025-02-02 15:21:22:2122 [32minfo[39m: [32mUser 2fa93ccc-9c85-4170-9a65-10dc2695d7f8 authenticated successfully[39m
2025-02-02 15:23:40:2340 [32minfo[39m: [32mDatabase connection initialized[39m
2025-02-02 15:23:40:2340 [32minfo[39m: [32mServer is running on port 8080[39m
2025-02-02 15:23:45:2345 [32minfo[39m: [32mUser 2fa93ccc-9c85-4170-9a65-10dc2695d7f8 authenticated successfully[39m
2025-02-02 15:25:18:2518 [32minfo[39m: [32mDatabase connection initialized[39m
2025-02-02 15:25:18:2518 [32minfo[39m: [32mServer is running on port 8080[39m
2025-02-02 15:25:27:2527 [32minfo[39m: [32mDatabase connection initialized[39m
2025-02-02 15:25:27:2527 [32minfo[39m: [32mServer is running on port 8080[39m
2025-02-02 15:25:30:2530 [32minfo[39m: [32mUser 2fa93ccc-9c85-4170-9a65-10dc2695d7f8 authenticated successfully[39m
2025-02-02 15:26:05:265 [32minfo[39m: [32mDatabase connection initialized[39m
2025-02-02 15:26:05:265 [32minfo[39m: [32mServer is running on port 8080[39m
2025-02-02 15:26:09:269 [32minfo[39m: [32mUser 2fa93ccc-9c85-4170-9a65-10dc2695d7f8 authenticated successfully[39m
2025-02-02 15:31:00:310 [32minfo[39m: [32mDatabase connection initialized[39m
2025-02-02 15:31:00:310 [32minfo[39m: [32mServer is running on port 8080[39m
2025-02-02 15:31:05:315 [32minfo[39m: [32mUser 2fa93ccc-9c85-4170-9a65-10dc2695d7f8 authenticated successfully[39m
2025-02-02 15:32:00:320 [32minfo[39m: [32mUser 2fa93ccc-9c85-4170-9a65-10dc2695d7f8 authenticated successfully[39m
2025-02-02 15:32:26:3226 [32minfo[39m: [32mUser 2fa93ccc-9c85-4170-9a65-10dc2695d7f8 authenticated successfully[39m
2025-02-02 15:32:59:3259 [32minfo[39m: [32mDatabase connection initialized[39m
2025-02-02 15:32:59:3259 [32minfo[39m: [32mServer is running on port 8080[39m
2025-02-02 15:33:06:336 [32minfo[39m: [32mUser 2fa93ccc-9c85-4170-9a65-10dc2695d7f8 authenticated successfully[39m
2025-02-02 15:34:11:3411 [32minfo[39m: [32mDatabase connection initialized[39m
2025-02-02 15:34:11:3411 [32minfo[39m: [32mServer is running on port 8080[39m
2025-02-02 15:34:31:3431 [32minfo[39m: [32mDatabase connection initialized[39m
2025-02-02 15:34:31:3431 [32minfo[39m: [32mServer is running on port 8080[39m
2025-02-02 15:34:45:3445 [32minfo[39m: [32mDatabase connection initialized[39m
2025-02-02 15:34:45:3445 [32minfo[39m: [32mServer is running on port 8080[39m
2025-02-02 15:35:00:350 [32minfo[39m: [32mUser 2fa93ccc-9c85-4170-9a65-10dc2695d7f8 authenticated successfully[39m
2025-02-02 16:26:18:2618 [31merror[39m: [31mAuthentication error: jwt expired[39m
2025-02-02 16:26:24:2624 [32minfo[39m: [32mUser logged in successfully: sonu[39m
2025-02-02 16:26:40:2640 [32minfo[39m: [32mUser 2fa93ccc-9c85-4170-9a65-10dc2695d7f8 authenticated successfully[39m
2025-02-02 16:39:19:3919 [32minfo[39m: [32mDatabase connection initialized[39m
2025-02-02 16:39:19:3919 [32minfo[39m: [32mServer is running on port 8080[39m
2025-02-02 16:39:24:3924 [32minfo[39m: [32mUser 2fa93ccc-9c85-4170-9a65-10dc2695d7f8 authenticated successfully[39m
2025-02-02 16:46:36:4636 [32minfo[39m: [32mDatabase connection initialized[39m
2025-02-02 16:46:36:4636 [32minfo[39m: [32mServer is running on port 8080[39m
2025-02-02 16:47:24:4724 [32minfo[39m: [32mUser 2fa93ccc-9c85-4170-9a65-10dc2695d7f8 authenticated successfully[39m
2025-02-02 16:52:35:5235 [32minfo[39m: [32mDatabase connection initialized[39m
2025-02-02 16:52:35:5235 [32minfo[39m: [32mServer is running on port 8080[39m
2025-02-02 16:52:54:5254 [32minfo[39m: [32mUser 2fa93ccc-9c85-4170-9a65-10dc2695d7f8 authenticated successfully[39m
2025-02-02 16:57:08:578 [32minfo[39m: [32mUser 2fa93ccc-9c85-4170-9a65-10dc2695d7f8 authenticated successfully[39m
2025-02-02 16:57:44:5744 [32minfo[39m: [32mUser 2fa93ccc-9c85-4170-9a65-10dc2695d7f8 authenticated successfully[39m
2025-02-02 16:58:07:587 [32minfo[39m: [32mDatabase connection initialized[39m
2025-02-02 16:58:07:587 [32minfo[39m: [32mServer is running on port 8080[39m
2025-02-02 17:51:19:5119 [32minfo[39m: [32mDatabase connection initialized[39m
2025-02-02 17:51:19:5119 [32minfo[39m: [32mServer is running on port 8080[39m
2025-02-02 18:45:34:4534 [32minfo[39m: [32mDatabase connection initialized[39m
2025-02-02 18:45:34:4534 [32minfo[39m: [32mServer is running on port 8080[39m
2025-02-02 18:45:39:4539 [31merror[39m: [31mAuthentication error: jwt expired[39m
2025-02-02 18:45:51:4551 [32minfo[39m: [32mUser logged in successfully: sonu[39m
2025-02-02 18:46:25:4625 [32minfo[39m: [32mUser 2fa93ccc-9c85-4170-9a65-10dc2695d7f8 authenticated successfully[39m
2025-02-02 19:04:11:411 [32minfo[39m: [32mUser 2fa93ccc-9c85-4170-9a65-10dc2695d7f8 authenticated successfully[39m
2025-02-02 19:04:18:418 [32minfo[39m: [32mUser 2fa93ccc-9c85-4170-9a65-10dc2695d7f8 authenticated successfully[39m
2025-02-02 19:07:52:752 [32minfo[39m: [32mDatabase connection initialized[39m
2025-02-02 19:07:52:752 [32minfo[39m: [32mServer is running on port 8080[39m
2025-02-02 19:09:01:91 [32minfo[39m: [32mDatabase connection initialized[39m
2025-02-02 19:09:01:91 [32minfo[39m: [32mServer is running on port 8080[39m
2025-02-02 19:09:03:93 [32minfo[39m: [32mDatabase connection initialized[39m
2025-02-02 19:09:03:93 [32minfo[39m: [32mServer is running on port 8080[39m
2025-02-02 19:13:09:139 [32minfo[39m: [32mUser 2fa93ccc-9c85-4170-9a65-10dc2695d7f8 authenticated successfully[39m
2025-02-02 19:16:20:1620 [32minfo[39m: [32mDatabase connection initialized[39m
2025-02-02 19:16:20:1620 [32minfo[39m: [32mServer is running on port 8080[39m
2025-02-02 19:16:26:1626 [32minfo[39m: [32mDatabase connection initialized[39m
2025-02-02 19:16:26:1626 [32minfo[39m: [32mServer is running on port 8080[39m
2025-02-02 19:16:31:1631 [32minfo[39m: [32mDatabase connection initialized[39m
2025-02-02 19:16:31:1631 [32minfo[39m: [32mServer is running on port 8080[39m
2025-02-02 19:16:32:1632 [32minfo[39m: [32mUser 2fa93ccc-9c85-4170-9a65-10dc2695d7f8 authenticated successfully[39m
2025-02-02 19:19:59:1959 [32minfo[39m: [32mDatabase connection initialized[39m
2025-02-02 19:19:59:1959 [32minfo[39m: [32mServer is running on port 8080[39m
2025-02-02 19:20:10:2010 [32minfo[39m: [32mDatabase connection initialized[39m
2025-02-02 19:20:10:2010 [32minfo[39m: [32mServer is running on port 8080[39m
2025-02-02 19:21:28:2128 [32minfo[39m: [32mDatabase connection initialized[39m
2025-02-02 19:21:28:2128 [32minfo[39m: [32mServer is running on port 8080[39m
2025-02-02 19:21:34:2134 [32minfo[39m: [32mDatabase connection initialized[39m
2025-02-02 19:21:34:2134 [32minfo[39m: [32mServer is running on port 8080[39m
2025-02-02 19:21:39:2139 [32minfo[39m: [32mDatabase connection initialized[39m
2025-02-02 19:21:39:2139 [32minfo[39m: [32mServer is running on port 8080[39m
2025-02-02 19:21:46:2146 [32minfo[39m: [32mDatabase connection initialized[39m
2025-02-02 19:21:46:2146 [32minfo[39m: [32mServer is running on port 8080[39m
2025-02-02 19:21:50:2150 [32minfo[39m: [32mDatabase connection initialized[39m
2025-02-02 19:21:50:2150 [32minfo[39m: [32mServer is running on port 8080[39m
2025-02-02 19:21:53:2153 [32minfo[39m: [32mDatabase connection initialized[39m
2025-02-02 19:21:53:2153 [32minfo[39m: [32mServer is running on port 8080[39m
2025-02-02 19:22:05:225 [32minfo[39m: [32mDatabase connection initialized[39m
2025-02-02 19:22:05:225 [32minfo[39m: [32mServer is running on port 8080[39m
2025-02-02 19:22:11:2211 [32minfo[39m: [32mDatabase connection initialized[39m
2025-02-02 19:22:11:2211 [32minfo[39m: [32mServer is running on port 8080[39m
2025-02-02 19:22:17:2217 [32minfo[39m: [32mDatabase connection initialized[39m
2025-02-02 19:22:17:2217 [32minfo[39m: [32mServer is running on port 8080[39m
2025-02-02 19:22:23:2223 [32minfo[39m: [32mUser 2fa93ccc-9c85-4170-9a65-10dc2695d7f8 authenticated successfully[39m
2025-02-02 19:23:39:2339 [32minfo[39m: [32mDatabase connection initialized[39m
2025-02-02 19:23:39:2339 [32minfo[39m: [32mServer is running on port 8080[39m
2025-02-02 19:23:42:2342 [32minfo[39m: [32mDatabase connection initialized[39m
2025-02-02 19:23:42:2342 [32minfo[39m: [32mServer is running on port 8080[39m
2025-02-02 19:23:49:2349 [32minfo[39m: [32mDatabase connection initialized[39m
2025-02-02 19:23:49:2349 [32minfo[39m: [32mServer is running on port 8080[39m
2025-02-02 19:23:52:2352 [32minfo[39m: [32mUser 2fa93ccc-9c85-4170-9a65-10dc2695d7f8 authenticated successfully[39m
2025-02-02 19:25:40:2540 [32minfo[39m: [32mDatabase connection initialized[39m
2025-02-02 19:25:40:2540 [32minfo[39m: [32mServer is running on port 8080[39m
2025-02-02 19:25:44:2544 [32minfo[39m: [32mUser 2fa93ccc-9c85-4170-9a65-10dc2695d7f8 authenticated successfully[39m
2025-02-02 19:26:19:2619 [32minfo[39m: [32mDatabase connection initialized[39m
2025-02-02 19:26:19:2619 [32minfo[39m: [32mServer is running on port 8080[39m
2025-02-02 19:26:22:2622 [32minfo[39m: [32mDatabase connection initialized[39m
2025-02-02 19:26:22:2622 [32minfo[39m: [32mServer is running on port 8080[39m
2025-02-02 19:26:29:2629 [32minfo[39m: [32mUser 2fa93ccc-9c85-4170-9a65-10dc2695d7f8 authenticated successfully[39m
2025-02-02 19:27:11:2711 [32minfo[39m: [32mDatabase connection initialized[39m
2025-02-02 19:27:11:2711 [32minfo[39m: [32mServer is running on port 8080[39m
2025-02-02 19:27:12:2712 [32minfo[39m: [32mUser 2fa93ccc-9c85-4170-9a65-10dc2695d7f8 authenticated successfully[39m
2025-02-02 19:29:03:293 [32minfo[39m: [32mDatabase connection initialized[39m
2025-02-02 19:29:03:293 [32minfo[39m: [32mServer is running on port 8080[39m
2025-02-02 19:29:06:296 [32minfo[39m: [32mUser 2fa93ccc-9c85-4170-9a65-10dc2695d7f8 authenticated successfully[39m
2025-02-02 19:29:37:2937 [32minfo[39m: [32mDatabase connection initialized[39m
2025-02-02 19:29:37:2937 [32minfo[39m: [32mServer is running on port 8080[39m
2025-02-02 19:29:52:2952 [32minfo[39m: [32mDatabase connection initialized[39m
2025-02-02 19:29:52:2952 [32minfo[39m: [32mServer is running on port 8080[39m
2025-02-02 19:29:54:2954 [32minfo[39m: [32mUser 2fa93ccc-9c85-4170-9a65-10dc2695d7f8 authenticated successfully[39m
2025-02-02 19:32:20:3220 [32minfo[39m: [32mDatabase connection initialized[39m
2025-02-02 19:32:20:3220 [32minfo[39m: [32mServer is running on port 8080[39m
2025-02-02 19:32:34:3234 [32minfo[39m: [32mUser 2fa93ccc-9c85-4170-9a65-10dc2695d7f8 authenticated successfully[39m
2025-02-02 19:32:59:3259 [32minfo[39m: [32mDatabase connection initialized[39m
2025-02-02 19:32:59:3259 [32minfo[39m: [32mServer is running on port 8080[39m
2025-02-02 19:33:12:3312 [32minfo[39m: [32mDatabase connection initialized[39m
2025-02-02 19:33:12:3312 [32minfo[39m: [32mServer is running on port 8080[39m
2025-02-02 19:33:16:3316 [32minfo[39m: [32mUser 2fa93ccc-9c85-4170-9a65-10dc2695d7f8 authenticated successfully[39m
2025-02-02 19:35:03:353 [32minfo[39m: [32mDatabase connection initialized[39m
2025-02-02 19:35:03:353 [32minfo[39m: [32mServer is running on port 8080[39m
2025-02-02 19:36:10:3610 [32minfo[39m: [32mDatabase connection initialized[39m
2025-02-02 19:36:10:3610 [32minfo[39m: [32mServer is running on port 8080[39m
2025-02-02 19:37:01:371 [32minfo[39m: [32mDatabase connection initialized[39m
2025-02-02 19:37:01:371 [32minfo[39m: [32mServer is running on port 8080[39m
2025-02-02 20:39:32:3932 [32minfo[39m: [32mDatabase connection initialized[39m
2025-02-02 20:39:32:3932 [32minfo[39m: [32mServer is running on port 8080[39m
2025-02-02 20:39:36:3936 [31merror[39m: [31mAuthentication error: jwt expired[39m
2025-02-02 20:39:43:3943 [31merror[39m: [31mAuthentication error: jwt expired[39m
2025-02-02 20:41:04:414 [31merror[39m: [31mAuthentication error: jwt expired[39m
2025-02-02 20:41:56:4156 [32minfo[39m: [32mUser logged in successfully: sonu[39m
2025-02-02 20:41:57:4157 [32minfo[39m: [32mUser 2fa93ccc-9c85-4170-9a65-10dc2695d7f8 authenticated successfully[39m
2025-02-02 20:42:01:421 [32minfo[39m: [32mUser 2fa93ccc-9c85-4170-9a65-10dc2695d7f8 authenticated successfully[39m
2025-02-02 20:43:04:434 [32minfo[39m: [32mUser 2fa93ccc-9c85-4170-9a65-10dc2695d7f8 authenticated successfully[39m
2025-02-02 20:44:11:4411 [32minfo[39m: [32mUser 2fa93ccc-9c85-4170-9a65-10dc2695d7f8 authenticated successfully[39m
2025-02-02 20:45:51:4551 [32minfo[39m: [32mUser 2fa93ccc-9c85-4170-9a65-10dc2695d7f8 authenticated successfully[39m
2025-02-02 20:52:06:526 [32minfo[39m: [32mUser 2fa93ccc-9c85-4170-9a65-10dc2695d7f8 authenticated successfully[39m
2025-02-02 20:52:09:529 [32minfo[39m: [32mUser 2fa93ccc-9c85-4170-9a65-10dc2695d7f8 authenticated successfully[39m
2025-02-02 20:53:14:5314 [32minfo[39m: [32mUser 2fa93ccc-9c85-4170-9a65-10dc2695d7f8 authenticated successfully[39m
2025-02-02 20:56:32:5632 [32minfo[39m: [32mUser 2fa93ccc-9c85-4170-9a65-10dc2695d7f8 authenticated successfully[39m
2025-02-02 21:24:36:2436 [32minfo[39m: [32mUser 2fa93ccc-9c85-4170-9a65-10dc2695d7f8 authenticated successfully[39m
2025-02-02 21:24:39:2439 [32minfo[39m: [32mUser 2fa93ccc-9c85-4170-9a65-10dc2695d7f8 authenticated successfully[39m
2025-02-02 21:26:55:2655 [32minfo[39m: [32mUser 2fa93ccc-9c85-4170-9a65-10dc2695d7f8 authenticated successfully[39m
2025-02-02 21:28:44:2844 [32minfo[39m: [32mUser 2fa93ccc-9c85-4170-9a65-10dc2695d7f8 authenticated successfully[39m
2025-02-02 21:33:16:3316 [32minfo[39m: [32mUser 2fa93ccc-9c85-4170-9a65-10dc2695d7f8 authenticated successfully[39m
2025-02-02 21:33:20:3320 [32minfo[39m: [32mUser 2fa93ccc-9c85-4170-9a65-10dc2695d7f8 authenticated successfully[39m
2025-02-02 21:35:03:353 [32minfo[39m: [32mUser 2fa93ccc-9c85-4170-9a65-10dc2695d7f8 authenticated successfully[39m
2025-02-02 21:35:06:356 [32minfo[39m: [32mUser 2fa93ccc-9c85-4170-9a65-10dc2695d7f8 authenticated successfully[39m
2025-02-02 21:35:25:3525 [32minfo[39m: [32mUser 2fa93ccc-9c85-4170-9a65-10dc2695d7f8 authenticated successfully[39m
2025-02-02 21:38:26:3826 [32minfo[39m: [32mUser 2fa93ccc-9c85-4170-9a65-10dc2695d7f8 authenticated successfully[39m
2025-02-02 21:38:33:3833 [32minfo[39m: [32mUser 2fa93ccc-9c85-4170-9a65-10dc2695d7f8 authenticated successfully[39m
2025-02-02 21:38:48:3848 [32minfo[39m: [32mUser 2fa93ccc-9c85-4170-9a65-10dc2695d7f8 authenticated successfully[39m
2025-02-02 21:41:32:4132 [32minfo[39m: [32mUser 2fa93ccc-9c85-4170-9a65-10dc2695d7f8 authenticated successfully[39m
2025-02-02 21:42:40:4240 [31merror[39m: [31mAuthentication error: jwt expired[39m
2025-02-02 21:43:18:4318 [32minfo[39m: [32mUser logged in successfully: sonu[39m
2025-02-02 21:43:19:4319 [32minfo[39m: [32mUser 2fa93ccc-9c85-4170-9a65-10dc2695d7f8 authenticated successfully[39m
2025-02-02 21:43:23:4323 [32minfo[39m: [32mUser 2fa93ccc-9c85-4170-9a65-10dc2695d7f8 authenticated successfully[39m
2025-02-02 21:49:06:496 [32minfo[39m: [32mUser 2fa93ccc-9c85-4170-9a65-10dc2695d7f8 authenticated successfully[39m
2025-02-02 21:49:59:4959 [32minfo[39m: [32mUser 2fa93ccc-9c85-4170-9a65-10dc2695d7f8 authenticated successfully[39m
2025-02-02 21:51:36:5136 [32minfo[39m: [32mUser 2fa93ccc-9c85-4170-9a65-10dc2695d7f8 authenticated successfully[39m
2025-02-02 21:51:57:5157 [32minfo[39m: [32mUser 2fa93ccc-9c85-4170-9a65-10dc2695d7f8 authenticated successfully[39m
2025-02-02 21:53:16:5316 [32minfo[39m: [32mUser 2fa93ccc-9c85-4170-9a65-10dc2695d7f8 authenticated successfully[39m
2025-02-02 21:53:47:5347 [32minfo[39m: [32mUser 2fa93ccc-9c85-4170-9a65-10dc2695d7f8 authenticated successfully[39m
2025-02-02 21:54:52:5452 [32minfo[39m: [32mUser 2fa93ccc-9c85-4170-9a65-10dc2695d7f8 authenticated successfully[39m
2025-02-02 21:55:24:5524 [32minfo[39m: [32mUser 2fa93ccc-9c85-4170-9a65-10dc2695d7f8 authenticated successfully[39m
2025-02-02 22:02:45:245 [32minfo[39m: [32mUser 2fa93ccc-9c85-4170-9a65-10dc2695d7f8 authenticated successfully[39m
2025-02-02 22:02:52:252 [32minfo[39m: [32mUser 2fa93ccc-9c85-4170-9a65-10dc2695d7f8 authenticated successfully[39m
2025-02-02 22:09:33:933 [32minfo[39m: [32mUser 2fa93ccc-9c85-4170-9a65-10dc2695d7f8 authenticated successfully[39m
2025-02-02 22:10:32:1032 [32minfo[39m: [32mUser 2fa93ccc-9c85-4170-9a65-10dc2695d7f8 authenticated successfully[39m
2025-02-02 22:11:22:1122 [32minfo[39m: [32mUser 2fa93ccc-9c85-4170-9a65-10dc2695d7f8 authenticated successfully[39m
2025-02-02 22:11:34:1134 [32minfo[39m: [32mUser 2fa93ccc-9c85-4170-9a65-10dc2695d7f8 authenticated successfully[39m
2025-02-02 22:11:34:1134 [32minfo[39m: [32mUser 2fa93ccc-9c85-4170-9a65-10dc2695d7f8 authenticated successfully[39m
2025-02-02 22:12:06:126 [32minfo[39m: [32mUser 2fa93ccc-9c85-4170-9a65-10dc2695d7f8 authenticated successfully[39m
2025-02-02 22:13:12:1312 [32minfo[39m: [32mUser 2fa93ccc-9c85-4170-9a65-10dc2695d7f8 authenticated successfully[39m
2025-02-02 22:13:41:1341 [32minfo[39m: [32mUser 2fa93ccc-9c85-4170-9a65-10dc2695d7f8 authenticated successfully[39m
2025-02-02 22:13:42:1342 [32minfo[39m: [32mUser 2fa93ccc-9c85-4170-9a65-10dc2695d7f8 authenticated successfully[39m
2025-02-02 22:13:48:1348 [32minfo[39m: [32mUser 2fa93ccc-9c85-4170-9a65-10dc2695d7f8 authenticated successfully[39m
2025-02-02 22:13:48:1348 [32minfo[39m: [32mUser 2fa93ccc-9c85-4170-9a65-10dc2695d7f8 authenticated successfully[39m
2025-02-02 22:14:10:1410 [32minfo[39m: [32mUser 2fa93ccc-9c85-4170-9a65-10dc2695d7f8 authenticated successfully[39m
2025-02-02 22:14:11:1411 [32minfo[39m: [32mUser 2fa93ccc-9c85-4170-9a65-10dc2695d7f8 authenticated successfully[39m
2025-02-02 22:14:28:1428 [32minfo[39m: [32mUser 2fa93ccc-9c85-4170-9a65-10dc2695d7f8 authenticated successfully[39m
2025-02-02 22:14:28:1428 [32minfo[39m: [32mUser 2fa93ccc-9c85-4170-9a65-10dc2695d7f8 authenticated successfully[39m
2025-02-02 22:15:15:1515 [32minfo[39m: [32mUser 2fa93ccc-9c85-4170-9a65-10dc2695d7f8 authenticated successfully[39m
2025-02-02 22:16:23:1623 [32minfo[39m: [32mUser 2fa93ccc-9c85-4170-9a65-10dc2695d7f8 authenticated successfully[39m
2025-02-02 22:16:23:1623 [32minfo[39m: [32mUser 2fa93ccc-9c85-4170-9a65-10dc2695d7f8 authenticated successfully[39m
2025-02-02 22:16:50:1650 [32minfo[39m: [32mUser 2fa93ccc-9c85-4170-9a65-10dc2695d7f8 authenticated successfully[39m
2025-02-02 22:16:52:1652 [32minfo[39m: [32mUser 2fa93ccc-9c85-4170-9a65-10dc2695d7f8 authenticated successfully[39m
2025-02-02 22:17:08:178 [32minfo[39m: [32mUser 2fa93ccc-9c85-4170-9a65-10dc2695d7f8 authenticated successfully[39m
2025-02-02 22:17:08:178 [32minfo[39m: [32mUser 2fa93ccc-9c85-4170-9a65-10dc2695d7f8 authenticated successfully[39m
2025-02-02 22:17:17:1717 [32minfo[39m: [32mUser 2fa93ccc-9c85-4170-9a65-10dc2695d7f8 authenticated successfully[39m
2025-02-02 22:17:17:1717 [32minfo[39m: [32mUser 2fa93ccc-9c85-4170-9a65-10dc2695d7f8 authenticated successfully[39m
2025-02-02 22:17:21:1721 [32minfo[39m: [32mUser 2fa93ccc-9c85-4170-9a65-10dc2695d7f8 authenticated successfully[39m
2025-02-02 22:17:21:1721 [32minfo[39m: [32mUser 2fa93ccc-9c85-4170-9a65-10dc2695d7f8 authenticated successfully[39m
2025-02-02 22:18:38:1838 [32minfo[39m: [32mUser 2fa93ccc-9c85-4170-9a65-10dc2695d7f8 authenticated successfully[39m
2025-02-02 22:18:38:1838 [32minfo[39m: [32mUser 2fa93ccc-9c85-4170-9a65-10dc2695d7f8 authenticated successfully[39m
2025-02-02 22:18:49:1849 [32minfo[39m: [32mUser 2fa93ccc-9c85-4170-9a65-10dc2695d7f8 authenticated successfully[39m
2025-02-02 22:18:50:1850 [32minfo[39m: [32mUser 2fa93ccc-9c85-4170-9a65-10dc2695d7f8 authenticated successfully[39m
2025-02-02 22:18:59:1859 [32minfo[39m: [32mUser 2fa93ccc-9c85-4170-9a65-10dc2695d7f8 authenticated successfully[39m
2025-02-02 22:18:59:1859 [32minfo[39m: [32mUser 2fa93ccc-9c85-4170-9a65-10dc2695d7f8 authenticated successfully[39m
2025-02-02 22:19:04:194 [32minfo[39m: [32mUser 2fa93ccc-9c85-4170-9a65-10dc2695d7f8 authenticated successfully[39m
2025-02-02 22:19:04:194 [32minfo[39m: [32mUser 2fa93ccc-9c85-4170-9a65-10dc2695d7f8 authenticated successfully[39m
2025-02-02 22:19:05:195 [32minfo[39m: [32mUser 2fa93ccc-9c85-4170-9a65-10dc2695d7f8 authenticated successfully[39m
2025-02-02 22:19:05:195 [32minfo[39m: [32mUser 2fa93ccc-9c85-4170-9a65-10dc2695d7f8 authenticated successfully[39m
2025-02-02 22:19:07:197 [32minfo[39m: [32mUser 2fa93ccc-9c85-4170-9a65-10dc2695d7f8 authenticated successfully[39m
2025-02-02 22:19:07:197 [32minfo[39m: [32mUser 2fa93ccc-9c85-4170-9a65-10dc2695d7f8 authenticated successfully[39m
2025-02-02 22:19:08:198 [32minfo[39m: [32mUser 2fa93ccc-9c85-4170-9a65-10dc2695d7f8 authenticated successfully[39m
2025-02-02 22:19:08:198 [32minfo[39m: [32mUser 2fa93ccc-9c85-4170-9a65-10dc2695d7f8 authenticated successfully[39m
2025-02-02 22:19:10:1910 [32minfo[39m: [32mUser 2fa93ccc-9c85-4170-9a65-10dc2695d7f8 authenticated successfully[39m
2025-02-02 22:19:10:1910 [32minfo[39m: [32mUser 2fa93ccc-9c85-4170-9a65-10dc2695d7f8 authenticated successfully[39m
2025-02-02 22:19:12:1912 [32minfo[39m: [32mUser 2fa93ccc-9c85-4170-9a65-10dc2695d7f8 authenticated successfully[39m
2025-02-02 22:19:13:1913 [32minfo[39m: [32mUser 2fa93ccc-9c85-4170-9a65-10dc2695d7f8 authenticated successfully[39m
2025-02-02 22:19:14:1914 [32minfo[39m: [32mUser 2fa93ccc-9c85-4170-9a65-10dc2695d7f8 authenticated successfully[39m
2025-02-02 22:19:15:1915 [32minfo[39m: [32mUser 2fa93ccc-9c85-4170-9a65-10dc2695d7f8 authenticated successfully[39m
2025-02-02 22:19:15:1915 [32minfo[39m: [32mUser 2fa93ccc-9c85-4170-9a65-10dc2695d7f8 authenticated successfully[39m
2025-02-02 22:19:16:1916 [32minfo[39m: [32mUser 2fa93ccc-9c85-4170-9a65-10dc2695d7f8 authenticated successfully[39m
2025-02-02 22:19:19:1919 [32minfo[39m: [32mUser 2fa93ccc-9c85-4170-9a65-10dc2695d7f8 authenticated successfully[39m
2025-02-02 22:19:20:1920 [32minfo[39m: [32mUser 2fa93ccc-9c85-4170-9a65-10dc2695d7f8 authenticated successfully[39m
2025-02-02 22:19:21:1921 [32minfo[39m: [32mUser 2fa93ccc-9c85-4170-9a65-10dc2695d7f8 authenticated successfully[39m
2025-02-02 22:19:22:1922 [32minfo[39m: [32mUser 2fa93ccc-9c85-4170-9a65-10dc2695d7f8 authenticated successfully[39m
2025-02-02 22:21:40:2140 [32minfo[39m: [32mUser 2fa93ccc-9c85-4170-9a65-10dc2695d7f8 authenticated successfully[39m
2025-02-02 22:24:48:2448 [32minfo[39m: [32mUser 2fa93ccc-9c85-4170-9a65-10dc2695d7f8 authenticated successfully[39m
2025-02-02 22:25:04:254 [32minfo[39m: [32mUser 2fa93ccc-9c85-4170-9a65-10dc2695d7f8 authenticated successfully[39m
2025-02-02 22:26:15:2615 [32minfo[39m: [32mUser 2fa93ccc-9c85-4170-9a65-10dc2695d7f8 authenticated successfully[39m
2025-02-02 22:27:01:271 [32minfo[39m: [32mUser 2fa93ccc-9c85-4170-9a65-10dc2695d7f8 authenticated successfully[39m
2025-02-02 22:28:04:284 [32minfo[39m: [32mUser 2fa93ccc-9c85-4170-9a65-10dc2695d7f8 authenticated successfully[39m
2025-02-02 22:28:12:2812 [32minfo[39m: [32mUser 2fa93ccc-9c85-4170-9a65-10dc2695d7f8 authenticated successfully[39m
2025-02-02 22:28:12:2812 [32minfo[39m: [32mUser 2fa93ccc-9c85-4170-9a65-10dc2695d7f8 authenticated successfully[39m
2025-02-02 22:28:38:2838 [32minfo[39m: [32mUser 2fa93ccc-9c85-4170-9a65-10dc2695d7f8 authenticated successfully[39m
2025-02-02 22:28:38:2838 [31merror[39m: [31mError fetching invoice: invalid input syntax for type uuid: "[object Object]"[39m
2025-02-02 22:28:38:2838 [32minfo[39m: [32mUser 2fa93ccc-9c85-4170-9a65-10dc2695d7f8 authenticated successfully[39m
2025-02-02 22:28:38:2838 [31merror[39m: [31mError fetching invoice: invalid input syntax for type uuid: "[object Object]"[39m
2025-02-02 22:28:50:2850 [32minfo[39m: [32mUser 2fa93ccc-9c85-4170-9a65-10dc2695d7f8 authenticated successfully[39m
2025-02-02 22:28:50:2850 [32minfo[39m: [32mUser 2fa93ccc-9c85-4170-9a65-10dc2695d7f8 authenticated successfully[39m
2025-02-02 22:29:15:2915 [32minfo[39m: [32mUser 2fa93ccc-9c85-4170-9a65-10dc2695d7f8 authenticated successfully[39m
2025-02-02 22:30:37:3037 [32minfo[39m: [32mUser 2fa93ccc-9c85-4170-9a65-10dc2695d7f8 authenticated successfully[39m
2025-02-02 22:30:54:3054 [32minfo[39m: [32mUser 2fa93ccc-9c85-4170-9a65-10dc2695d7f8 authenticated successfully[39m
2025-02-02 22:33:27:3327 [32minfo[39m: [32mUser 2fa93ccc-9c85-4170-9a65-10dc2695d7f8 authenticated successfully[39m
2025-02-02 22:34:25:3425 [32minfo[39m: [32mUser 2fa93ccc-9c85-4170-9a65-10dc2695d7f8 authenticated successfully[39m
2025-02-02 22:34:28:3428 [32minfo[39m: [32mUser 2fa93ccc-9c85-4170-9a65-10dc2695d7f8 authenticated successfully[39m
2025-02-02 22:36:09:369 [32minfo[39m: [32mUser 2fa93ccc-9c85-4170-9a65-10dc2695d7f8 authenticated successfully[39m
2025-02-02 22:36:47:3647 [32minfo[39m: [32mUser 2fa93ccc-9c85-4170-9a65-10dc2695d7f8 authenticated successfully[39m
2025-02-02 22:36:49:3649 [32minfo[39m: [32mUser 2fa93ccc-9c85-4170-9a65-10dc2695d7f8 authenticated successfully[39m
2025-02-02 22:39:09:399 [32minfo[39m: [32mUser 2fa93ccc-9c85-4170-9a65-10dc2695d7f8 authenticated successfully[39m
2025-02-02 22:49:12:4912 [32minfo[39m: [32mDatabase connection initialized[39m
2025-02-02 22:49:12:4912 [32minfo[39m: [32mServer is running on port 8080[39m
2025-02-02 22:49:15:4915 [31merror[39m: [31mAuthentication error: jwt expired[39m
2025-02-02 22:49:19:4919 [31merror[39m: [31mAuthentication error: jwt expired[39m
2025-02-02 22:49:23:4923 [32minfo[39m: [32mUser logged in successfully: sonu[39m
2025-02-02 22:49:43:4943 [32minfo[39m: [32mUser 2fa93ccc-9c85-4170-9a65-10dc2695d7f8 authenticated successfully[39m
2025-02-02 22:50:08:508 [32minfo[39m: [32mUser 2fa93ccc-9c85-4170-9a65-10dc2695d7f8 authenticated successfully[39m
2025-02-02 22:51:20:5120 [32minfo[39m: [32mDatabase connection initialized[39m
2025-02-02 22:51:20:5120 [32minfo[39m: [32mServer is running on port 8080[39m
2025-02-02 22:51:39:5139 [32minfo[39m: [32mDatabase connection initialized[39m
2025-02-02 22:51:39:5139 [32minfo[39m: [32mServer is running on port 8080[39m
2025-02-02 22:54:48:5448 [32minfo[39m: [32mUser 2fa93ccc-9c85-4170-9a65-10dc2695d7f8 authenticated successfully[39m
2025-02-02 22:54:56:5456 [32minfo[39m: [32mUser 2fa93ccc-9c85-4170-9a65-10dc2695d7f8 authenticated successfully[39m
