2025-01-31 15:22:31:2231 [31merror[39m: [31mError during Data Source initialization: column "password" of relation "users" contains null values[39m
2025-01-31 15:37:55:3755 [31merror[39m: [31mError in user login: User not found[39m
2025-01-31 15:37:55:3755 [31merror[39m: [31mLogin error: User not found[39m
2025-01-31 16:12:30:1230 [31merror[39m: [31mError creating default shop: insert or update on table "shops" violates foreign key constraint "FK_63abb7ea83e3d0f698999bd731b"[39m
2025-01-31 16:12:30:1230 [31merror[39m: [31mError in user registration: insert or update on table "shops" violates foreign key constraint "FK_63abb7ea83e3d0f698999bd731b"[39m
2025-01-31 16:12:30:1230 [31merror[39m: [31mRegistration error: insert or update on table "shops" violates foreign key constraint "FK_63abb7ea83e3d0f698999bd731b"[39m
2025-01-31 17:33:57:3357 [31merror[39m: [31mAuthentication error: No authorization header[39m
2025-01-31 17:40:25:4025 [31merror[39m: [31mAuthentication error: No authorization header[39m
2025-01-31 17:40:39:4039 [31merror[39m: [31mAuthentication error: jwt expired[39m
2025-01-31 17:40:47:4047 [31merror[39m: [31mAuthentication error: jwt expired[39m
2025-01-31 17:41:04:414 [31merror[39m: [31mAuthentication error: jwt expired[39m
2025-01-31 17:41:15:4115 [31merror[39m: [31mAuthentication error: jwt expired[39m
2025-01-31 17:41:16:4116 [31merror[39m: [31mAuthentication error: jwt expired[39m
2025-01-31 17:41:17:4117 [31merror[39m: [31mAuthentication error: jwt expired[39m
2025-01-31 17:41:18:4118 [31merror[39m: [31mAuthentication error: jwt expired[39m
2025-01-31 17:41:18:4118 [31merror[39m: [31mAuthentication error: jwt expired[39m
2025-01-31 17:42:06:426 [31merror[39m: [31mAuthentication error: jwt expired[39m
2025-02-02 12:10:29:1029 [31merror[39m: [31mError in user login: User not found[39m
2025-02-02 12:10:29:1029 [31merror[39m: [31mLogin error: User not found[39m
2025-02-02 12:18:16:1816 [31merror[39m: [31mError in user login: User not found[39m
2025-02-02 12:18:16:1816 [31merror[39m: [31mLogin error: User not found[39m
2025-02-02 12:19:01:191 [31merror[39m: [31mError in user login: User not found[39m
2025-02-02 12:19:01:191 [31merror[39m: [31mLogin error: User not found[39m
2025-02-02 12:21:30:2130 [31merror[39m: [31mError in user login: User not found[39m
2025-02-02 12:21:30:2130 [31merror[39m: [31mLogin error: User not found[39m
2025-02-02 12:21:33:2133 [31merror[39m: [31mError in user login: User not found[39m
2025-02-02 12:21:33:2133 [31merror[39m: [31mLogin error: User not found[39m
2025-02-02 12:21:33:2133 [31merror[39m: [31mError in user login: User not found[39m
2025-02-02 12:21:33:2133 [31merror[39m: [31mLogin error: User not found[39m
2025-02-02 12:21:34:2134 [31merror[39m: [31mError in user login: User not found[39m
2025-02-02 12:21:34:2134 [31merror[39m: [31mLogin error: User not found[39m
2025-02-02 12:21:46:2146 [31merror[39m: [31mError in user login: User not found[39m
2025-02-02 12:21:46:2146 [31merror[39m: [31mLogin error: User not found[39m
2025-02-02 12:22:22:2222 [31merror[39m: [31mError in user login: User not found[39m
2025-02-02 12:22:22:2222 [31merror[39m: [31mLogin error: User not found[39m
2025-02-02 12:25:33:2533 [31merror[39m: [31mError in user login: User not found[39m
2025-02-02 12:25:33:2533 [31merror[39m: [31mLogin error: User not found[39m
2025-02-02 12:25:36:2536 [31merror[39m: [31mError in user login: User not found[39m
2025-02-02 12:25:36:2536 [31merror[39m: [31mLogin error: User not found[39m
2025-02-02 12:25:37:2537 [31merror[39m: [31mError in user login: User not found[39m
2025-02-02 12:25:37:2537 [31merror[39m: [31mLogin error: User not found[39m
2025-02-02 12:25:38:2538 [31merror[39m: [31mError in user login: User not found[39m
2025-02-02 12:25:38:2538 [31merror[39m: [31mLogin error: User not found[39m
2025-02-02 12:25:38:2538 [31merror[39m: [31mError in user login: User not found[39m
2025-02-02 12:25:38:2538 [31merror[39m: [31mLogin error: User not found[39m
2025-02-02 12:25:39:2539 [31merror[39m: [31mError in user login: User not found[39m
2025-02-02 12:25:39:2539 [31merror[39m: [31mLogin error: User not found[39m
2025-02-02 12:25:39:2539 [31merror[39m: [31mError in user login: User not found[39m
2025-02-02 12:25:39:2539 [31merror[39m: [31mLogin error: User not found[39m
2025-02-02 12:25:40:2540 [31merror[39m: [31mError in user login: User not found[39m
2025-02-02 12:25:40:2540 [31merror[39m: [31mLogin error: User not found[39m
2025-02-02 12:25:40:2540 [31merror[39m: [31mError in user login: User not found[39m
2025-02-02 12:25:40:2540 [31merror[39m: [31mLogin error: User not found[39m
2025-02-02 12:25:40:2540 [31merror[39m: [31mError in user login: User not found[39m
2025-02-02 12:25:40:2540 [31merror[39m: [31mLogin error: User not found[39m
2025-02-02 12:25:41:2541 [31merror[39m: [31mError in user login: User not found[39m
2025-02-02 12:25:41:2541 [31merror[39m: [31mLogin error: User not found[39m
2025-02-02 12:25:41:2541 [31merror[39m: [31mError in user login: User not found[39m
2025-02-02 12:25:41:2541 [31merror[39m: [31mLogin error: User not found[39m
2025-02-02 12:25:41:2541 [31merror[39m: [31mError in user login: User not found[39m
2025-02-02 12:25:41:2541 [31merror[39m: [31mLogin error: User not found[39m
2025-02-02 12:25:41:2541 [31merror[39m: [31mError in user login: User not found[39m
2025-02-02 12:25:41:2541 [31merror[39m: [31mLogin error: User not found[39m
2025-02-02 12:25:42:2542 [31merror[39m: [31mError in user login: User not found[39m
2025-02-02 12:25:42:2542 [31merror[39m: [31mLogin error: User not found[39m
2025-02-02 12:25:50:2550 [31merror[39m: [31mError in user login: User not found[39m
2025-02-02 12:25:50:2550 [31merror[39m: [31mLogin error: User not found[39m
2025-02-02 12:25:52:2552 [31merror[39m: [31mError in user login: User not found[39m
2025-02-02 12:25:52:2552 [31merror[39m: [31mLogin error: User not found[39m
2025-02-02 12:25:53:2553 [31merror[39m: [31mError in user login: User not found[39m
2025-02-02 12:25:53:2553 [31merror[39m: [31mLogin error: User not found[39m
2025-02-02 12:25:53:2553 [31merror[39m: [31mError in user login: User not found[39m
2025-02-02 12:25:53:2553 [31merror[39m: [31mLogin error: User not found[39m
2025-02-02 12:28:13:2813 [31merror[39m: [31mError in user login: User not found[39m
2025-02-02 12:28:13:2813 [31merror[39m: [31mLogin error: User not found[39m
2025-02-02 12:28:19:2819 [31merror[39m: [31mError in user login: User not found[39m
2025-02-02 12:28:19:2819 [31merror[39m: [31mLogin error: User not found[39m
2025-02-02 12:28:23:2823 [31merror[39m: [31mError in user login: User not found[39m
2025-02-02 12:28:23:2823 [31merror[39m: [31mLogin error: User not found[39m
2025-02-02 12:52:28:5228 [31merror[39m: [31mError in user login: User not found[39m
2025-02-02 12:52:28:5228 [31merror[39m: [31mLogin error: User not found[39m
2025-02-02 12:53:31:5331 [31merror[39m: [31mAuthentication error: No authorization header[39m
2025-02-02 12:53:53:5353 [31merror[39m: [31mAuthentication error: No authorization header[39m
2025-02-02 13:11:42:1142 [31merror[39m: [31mError during Data Source initialization: column "state_code" of relation "shops" contains null values[39m
2025-02-02 15:16:58:1658 [31merror[39m: [31mError in user login: User not found[39m
2025-02-02 15:16:58:1658 [31merror[39m: [31mLogin error: User not found[39m
2025-02-02 15:17:40:1740 [31merror[39m: [31mAuthentication error: No authorization header[39m
2025-02-02 16:26:18:2618 [31merror[39m: [31mAuthentication error: jwt expired[39m
2025-02-02 18:45:39:4539 [31merror[39m: [31mAuthentication error: jwt expired[39m
2025-02-02 20:39:36:3936 [31merror[39m: [31mAuthentication error: jwt expired[39m
2025-02-02 20:39:43:3943 [31merror[39m: [31mAuthentication error: jwt expired[39m
2025-02-02 20:41:04:414 [31merror[39m: [31mAuthentication error: jwt expired[39m
2025-02-02 21:42:40:4240 [31merror[39m: [31mAuthentication error: jwt expired[39m
2025-02-02 22:28:38:2838 [31merror[39m: [31mError fetching invoice: invalid input syntax for type uuid: "[object Object]"[39m
2025-02-02 22:28:38:2838 [31merror[39m: [31mError fetching invoice: invalid input syntax for type uuid: "[object Object]"[39m
